wallet-demo-app/platforms/android/app/build/outputs/logs/manifest-merger-release-report.txt
-- Merging decision tree log ---
manifest
ADDED from src/main/AndroidManifest.xml:2:1-97:12
INJECTED from src/main/AndroidManifest.xml:2:1-97:12
INJECTED from src/main/AndroidManifest.xml:2:1-97:12
INJECTED from src/main/AndroidManifest.xml:2:1-97:12
MERGED from [:barcodescanner-release-2.1.5:] AndroidManifest.xml:2:1-14:12
MERGED from [com.android.support:support-v4:21.0.3] AndroidManifest.xml:14:4-17:12
MERGED from [:CordovaLib] AndroidManifest.xml:20:1-27:12
INJECTED from src/main/AndroidManifest.xml:2:1-97:12
INJECTED from src/main/AndroidManifest.xml:2:1-97:12
INJECTED from src/main/AndroidManifest.xml:2:1-97:12
	package
		ADDED from src/main/AndroidManifest.xml:2:98-124
		INJECTED from src/main/AndroidManifest.xml
		INJECTED from src/main/AndroidManifest.xml
	android:versionName
		ADDED from src/main/AndroidManifest.xml:2:72-97
		INJECTED from src/main/AndroidManifest.xml
		INJECTED from src/main/AndroidManifest.xml
	android:hardwareAccelerated
		ADDED from src/main/AndroidManifest.xml:2:11-45
	xmlns:android
		ADDED from src/main/AndroidManifest.xml:2:125-183
	android:versionCode
		ADDED from src/main/AndroidManifest.xml:2:46-71
		INJECTED from src/main/AndroidManifest.xml
		INJECTED from src/main/AndroidManifest.xml
supports-screens
ADDED from src/main/AndroidManifest.xml:3:5-191
	android:largeScreens
		ADDED from src/main/AndroidManifest.xml:3:49-76
	android:smallScreens
		ADDED from src/main/AndroidManifest.xml:3:132-159
	android:normalScreens
		ADDED from src/main/AndroidManifest.xml:3:77-105
	android:xlargeScreens
		ADDED from src/main/AndroidManifest.xml:3:160-188
	android:resizeable
		ADDED from src/main/AndroidManifest.xml:3:106-131
	android:anyDensity
		ADDED from src/main/AndroidManifest.xml:3:23-48
uses-permission#android.permission.INTERNET
ADDED from src/main/AndroidManifest.xml:4:5-67
	android:name
		ADDED from src/main/AndroidManifest.xml:4:22-64
permission#io.ionic.starter.permission.JPUSH_MESSAGE
ADDED from src/main/AndroidManifest.xml:5:5-112
	android:protectionLevel
		ADDED from src/main/AndroidManifest.xml:5:74-109
	android:name
		ADDED from src/main/AndroidManifest.xml:5:17-73
uses-permission#io.ionic.starter.permission.JPUSH_MESSAGE
ADDED from src/main/AndroidManifest.xml:6:5-81
	android:name
		ADDED from src/main/AndroidManifest.xml:6:22-78
uses-permission#android.permission.RECEIVE_USER_PRESENT
ADDED from src/main/AndroidManifest.xml:7:5-79
	android:name
		ADDED from src/main/AndroidManifest.xml:7:22-76
uses-permission#android.permission.WAKE_LOCK
ADDED from src/main/AndroidManifest.xml:9:5-68
	android:name
		ADDED from src/main/AndroidManifest.xml:9:22-65
uses-permission#android.permission.READ_PHONE_STATE
ADDED from src/main/AndroidManifest.xml:10:5-75
	android:name
		ADDED from src/main/AndroidManifest.xml:10:22-72
uses-permission#android.Manifest.permission.READ_PHONE_STATE
ADDED from src/main/AndroidManifest.xml:11:5-84
	android:name
		ADDED from src/main/AndroidManifest.xml:11:22-81
uses-permission#android.permission.WRITE_EXTERNAL_STORAGE
ADDED from src/main/AndroidManifest.xml:12:5-81
	android:name
		ADDED from src/main/AndroidManifest.xml:12:22-78
uses-permission#android.permission.READ_EXTERNAL_STORAGE
ADDED from src/main/AndroidManifest.xml:13:5-80
	android:name
		ADDED from src/main/AndroidManifest.xml:13:22-77
permission#android.permission.WRITE_SETTINGS
ADDED from src/main/AndroidManifest.xml:14:5-68
	android:name
		ADDED from src/main/AndroidManifest.xml:14:17-65
uses-permission#android.permission.VIBRATE
ADDED from src/main/AndroidManifest.xml:15:5-66
	android:name
		ADDED from src/main/AndroidManifest.xml:15:22-63
permission#android.permission.MOUNT_UNMOUNT_FILESYSTEMS
ADDED from src/main/AndroidManifest.xml:16:5-79
	android:name
		ADDED from src/main/AndroidManifest.xml:16:17-76
uses-permission#android.permission.ACCESS_NETWORK_STATE
ADDED from src/main/AndroidManifest.xml:17:5-79
	android:name
		ADDED from src/main/AndroidManifest.xml:17:22-76
uses-permission#android.permission.ACCESS_WIFI_STATE
ADDED from src/main/AndroidManifest.xml:18:5-76
	android:name
		ADDED from src/main/AndroidManifest.xml:18:22-73
uses-permission#android.permission.SYSTEM_ALERT_WINDOW
ADDED from src/main/AndroidManifest.xml:19:5-78
	android:name
		ADDED from src/main/AndroidManifest.xml:19:22-75
uses-permission#android.permission.CHANGE_WIFI_STATE
ADDED from src/main/AndroidManifest.xml:20:5-76
	android:name
		ADDED from src/main/AndroidManifest.xml:20:22-73
uses-permission#android.permission.ACCESS_LOCATION_EXTRA_COMMANDS
ADDED from src/main/AndroidManifest.xml:21:5-89
	android:name
		ADDED from src/main/AndroidManifest.xml:21:22-86
uses-permission#android.permission.CHANGE_NETWORK_STATE
ADDED from src/main/AndroidManifest.xml:22:5-79
	android:name
		ADDED from src/main/AndroidManifest.xml:22:22-76
uses-permission#android.permission.GET_TASKS
ADDED from src/main/AndroidManifest.xml:23:5-68
	android:name
		ADDED from src/main/AndroidManifest.xml:23:22-65
application
ADDED from src/main/AndroidManifest.xml:24:5-92:19
MERGED from [:barcodescanner-release-2.1.5:] AndroidManifest.xml:11:5-12:19
MERGED from [:barcodescanner-release-2.1.5:] AndroidManifest.xml:11:5-12:19
MERGED from [com.android.support:support-v4:21.0.3] AndroidManifest.xml:16:5-19
MERGED from [com.android.support:support-v4:21.0.3] AndroidManifest.xml:16:5-19
	android:supportsRtl
		ADDED from src/main/AndroidManifest.xml:24:114-140
	android:label
		ADDED from src/main/AndroidManifest.xml:24:81-113
	android:hardwareAccelerated
		ADDED from src/main/AndroidManifest.xml:24:18-52
	android:icon
		ADDED from src/main/AndroidManifest.xml:24:53-80
activity#io.ionic.starter.MainActivity
ADDED from src/main/AndroidManifest.xml:25:9-30:20
	android:screenOrientation
		ADDED from src/main/AndroidManifest.xml:25:194-230
	android:label
		ADDED from src/main/AndroidManifest.xml:25:97-134
	android:launchMode
		ADDED from src/main/AndroidManifest.xml:25:135-165
	android:windowSoftInputMode
		ADDED from src/main/AndroidManifest.xml:25:294-336
	android:configChanges
		ADDED from src/main/AndroidManifest.xml:25:19-96
	android:theme
		ADDED from src/main/AndroidManifest.xml:25:231-293
	android:name
		ADDED from src/main/AndroidManifest.xml:25:166-193
intent-filter#android.intent.action.MAIN+android.intent.category.LAUNCHER
ADDED from src/main/AndroidManifest.xml:26:13-29:29
	android:label
		ADDED from src/main/AndroidManifest.xml:26:28-65
action#android.intent.action.MAIN
ADDED from src/main/AndroidManifest.xml:27:17-69
	android:name
		ADDED from src/main/AndroidManifest.xml:27:25-66
category#android.intent.category.LAUNCHER
ADDED from src/main/AndroidManifest.xml:28:17-77
	android:name
		ADDED from src/main/AndroidManifest.xml:28:27-74
activity#com.google.zxing.client.android.CaptureActivity
ADDED from src/main/AndroidManifest.xml:31:9-311
	android:clearTaskOnLaunch
		ADDED from src/main/AndroidManifest.xml:31:19-51
	android:windowSoftInputMode
		ADDED from src/main/AndroidManifest.xml:31:261-308
	android:exported
		ADDED from src/main/AndroidManifest.xml:31:114-138
	android:configChanges
		ADDED from src/main/AndroidManifest.xml:31:52-113
	android:theme
		ADDED from src/main/AndroidManifest.xml:31:202-260
	android:name
		ADDED from src/main/AndroidManifest.xml:31:139-201
activity#com.google.zxing.client.android.encode.EncodeActivity
ADDED from src/main/AndroidManifest.xml:32:9-112
	android:label
		ADDED from src/main/AndroidManifest.xml:32:19-40
	android:name
		ADDED from src/main/AndroidManifest.xml:32:41-109
activity#cn.jpush.android.ui.PopWinActivity
ADDED from src/main/AndroidManifest.xml:33:9-34:20
	android:exported
		ADDED from src/main/AndroidManifest.xml:33:19-43
	android:theme
		ADDED from src/main/AndroidManifest.xml:33:94-130
	android:name
		ADDED from src/main/AndroidManifest.xml:33:44-93
activity#cn.jpush.android.ui.PushActivity
ADDED from src/main/AndroidManifest.xml:35:9-41:20
	android:exported
		ADDED from src/main/AndroidManifest.xml:35:70-94
	android:configChanges
		ADDED from src/main/AndroidManifest.xml:35:19-69
	android:theme
		ADDED from src/main/AndroidManifest.xml:35:143-190
	android:name
		ADDED from src/main/AndroidManifest.xml:35:95-142
intent-filter#android.intent.category.DEFAULT+cn.jpush.android.ui.PushActivity+io.ionic.starter
ADDED from src/main/AndroidManifest.xml:36:13-40:29
action#cn.jpush.android.ui.PushActivity
ADDED from src/main/AndroidManifest.xml:37:17-75
	android:name
		ADDED from src/main/AndroidManifest.xml:37:25-72
category#android.intent.category.DEFAULT
ADDED from src/main/AndroidManifest.xml:38:17-76
	android:name
		ADDED from src/main/AndroidManifest.xml:38:27-73
category#io.ionic.starter
ADDED from src/main/AndroidManifest.xml:39:17-61
	android:name
		ADDED from src/main/AndroidManifest.xml:39:27-58
service#cn.jpush.android.service.PushService
ADDED from src/main/AndroidManifest.xml:42:9-49:19
	android:process
		ADDED from src/main/AndroidManifest.xml:42:95-118
	android:exported
		ADDED from src/main/AndroidManifest.xml:42:18-42
	android:name
		ADDED from src/main/AndroidManifest.xml:42:43-94
intent-filter#cn.jpush.android.intent.PUSH_TIME+cn.jpush.android.intent.PushService+cn.jpush.android.intent.REGISTER+cn.jpush.android.intent.REPORT
ADDED from src/main/AndroidManifest.xml:43:13-48:29
action#cn.jpush.android.intent.REGISTER
ADDED from src/main/AndroidManifest.xml:44:17-75
	android:name
		ADDED from src/main/AndroidManifest.xml:44:25-72
action#cn.jpush.android.intent.REPORT
ADDED from src/main/AndroidManifest.xml:45:17-73
	android:name
		ADDED from src/main/AndroidManifest.xml:45:25-70
action#cn.jpush.android.intent.PushService
ADDED from src/main/AndroidManifest.xml:46:17-78
	android:name
		ADDED from src/main/AndroidManifest.xml:46:25-75
action#cn.jpush.android.intent.PUSH_TIME
ADDED from src/main/AndroidManifest.xml:47:17-76
	android:name
		ADDED from src/main/AndroidManifest.xml:47:25-73
provider#cn.jpush.android.service.DataProvider
ADDED from src/main/AndroidManifest.xml:50:9-151
	android:authorities
		ADDED from src/main/AndroidManifest.xml:50:19-70
	android:exported
		ADDED from src/main/AndroidManifest.xml:50:71-95
	android:name
		ADDED from src/main/AndroidManifest.xml:50:96-148
service#cn.jpush.android.service.DaemonService
ADDED from src/main/AndroidManifest.xml:51:9-56:19
	android:enabled
		ADDED from src/main/AndroidManifest.xml:51:18-40
	android:exported
		ADDED from src/main/AndroidManifest.xml:51:41-64
	android:name
		ADDED from src/main/AndroidManifest.xml:51:65-118
intent-filter#cn.jpush.android.intent.DaemonService+io.ionic.starter
ADDED from src/main/AndroidManifest.xml:52:13-55:29
action#cn.jpush.android.intent.DaemonService
ADDED from src/main/AndroidManifest.xml:53:17-80
	android:name
		ADDED from src/main/AndroidManifest.xml:53:25-77
provider#cn.jpush.android.service.DownloadProvider
ADDED from src/main/AndroidManifest.xml:57:9-158
	android:authorities
		ADDED from src/main/AndroidManifest.xml:57:19-74
	android:exported
		ADDED from src/main/AndroidManifest.xml:57:75-98
	android:name
		ADDED from src/main/AndroidManifest.xml:57:99-155
receiver#cn.jpush.android.service.PushReceiver
ADDED from src/main/AndroidManifest.xml:58:9-72:20
	android:enabled
		ADDED from src/main/AndroidManifest.xml:58:19-41
	android:exported
		ADDED from src/main/AndroidManifest.xml:58:42-66
	android:name
		ADDED from src/main/AndroidManifest.xml:58:67-119
intent-filter#cn.jpush.android.intent.NOTIFICATION_RECEIVED_PROXY+io.ionic.starter
ADDED from src/main/AndroidManifest.xml:59:13-62:29
	android:priority
		ADDED from src/main/AndroidManifest.xml:59:28-51
action#cn.jpush.android.intent.NOTIFICATION_RECEIVED_PROXY
ADDED from src/main/AndroidManifest.xml:60:17-94
	android:name
		ADDED from src/main/AndroidManifest.xml:60:25-91
intent-filter#android.intent.action.USER_PRESENT+android.net.conn.CONNECTIVITY_CHANGE
ADDED from src/main/AndroidManifest.xml:63:13-66:29
action#android.intent.action.USER_PRESENT
ADDED from src/main/AndroidManifest.xml:64:17-77
	android:name
		ADDED from src/main/AndroidManifest.xml:64:25-74
action#android.net.conn.CONNECTIVITY_CHANGE
ADDED from src/main/AndroidManifest.xml:65:17-79
	android:name
		ADDED from src/main/AndroidManifest.xml:65:25-76
intent-filter#android.intent.action.PACKAGE_ADDED+android.intent.action.PACKAGE_REMOVED
ADDED from src/main/AndroidManifest.xml:67:13-71:29
action#android.intent.action.PACKAGE_ADDED
ADDED from src/main/AndroidManifest.xml:68:17-78
	android:name
		ADDED from src/main/AndroidManifest.xml:68:25-75
action#android.intent.action.PACKAGE_REMOVED
ADDED from src/main/AndroidManifest.xml:69:17-80
	android:name
		ADDED from src/main/AndroidManifest.xml:69:25-77
data
ADDED from src/main/AndroidManifest.xml:70:17-50
	android:scheme
		ADDED from src/main/AndroidManifest.xml:70:23-47
receiver#cn.jpush.android.service.AlarmReceiver
ADDED from src/main/AndroidManifest.xml:73:9-100
	android:exported
		ADDED from src/main/AndroidManifest.xml:73:19-43
	android:name
		ADDED from src/main/AndroidManifest.xml:73:44-97
receiver#io.ionic.starter.MyReceiver
ADDED from src/main/AndroidManifest.xml:74:9-83:20
	android:enabled
		ADDED from src/main/AndroidManifest.xml:74:19-41
	android:exported
		ADDED from src/main/AndroidManifest.xml:74:42-66
	android:name
		ADDED from src/main/AndroidManifest.xml:74:67-109
intent-filter#cn.jpush.android.intent.CONNECTION+cn.jpush.android.intent.MESSAGE_RECEIVED+cn.jpush.android.intent.NOTIFICATION_OPENED+cn.jpush.android.intent.NOTIFICATION_RECEIVED+cn.jpush.android.intent.REGISTRATION+io.ionic.starter
ADDED from src/main/AndroidManifest.xml:75:13-82:29
action#cn.jpush.android.intent.REGISTRATION
ADDED from src/main/AndroidManifest.xml:76:17-79
	android:name
		ADDED from src/main/AndroidManifest.xml:76:25-76
action#cn.jpush.android.intent.MESSAGE_RECEIVED
ADDED from src/main/AndroidManifest.xml:77:17-83
	android:name
		ADDED from src/main/AndroidManifest.xml:77:25-80
action#cn.jpush.android.intent.NOTIFICATION_RECEIVED
ADDED from src/main/AndroidManifest.xml:78:17-88
	android:name
		ADDED from src/main/AndroidManifest.xml:78:25-85
action#cn.jpush.android.intent.NOTIFICATION_OPENED
ADDED from src/main/AndroidManifest.xml:79:17-86
	android:name
		ADDED from src/main/AndroidManifest.xml:79:25-83
action#cn.jpush.android.intent.CONNECTION
ADDED from src/main/AndroidManifest.xml:80:17-77
	android:name
		ADDED from src/main/AndroidManifest.xml:80:25-74
receiver#io.ionic.starter.MyJPushMessageReceiver
ADDED from src/main/AndroidManifest.xml:84:9-89:20
	android:name
		ADDED from src/main/AndroidManifest.xml:84:19-73
intent-filter#cn.jpush.android.intent.RECEIVE_MESSAGE+io.ionic.starter
ADDED from src/main/AndroidManifest.xml:85:13-88:29
action#cn.jpush.android.intent.RECEIVE_MESSAGE
ADDED from src/main/AndroidManifest.xml:86:17-82
	android:name
		ADDED from src/main/AndroidManifest.xml:86:25-79
meta-data#JPUSH_CHANNEL
ADDED from src/main/AndroidManifest.xml:90:9-85
	android:value
		ADDED from src/main/AndroidManifest.xml:90:49-82
	android:name
		ADDED from src/main/AndroidManifest.xml:90:20-48
meta-data#JPUSH_APPKEY
ADDED from src/main/AndroidManifest.xml:91:9-91
	android:value
		ADDED from src/main/AndroidManifest.xml:91:48-88
	android:name
		ADDED from src/main/AndroidManifest.xml:91:20-47
uses-sdk
ADDED from src/main/AndroidManifest.xml:93:5-74
MERGED from [:barcodescanner-release-2.1.5:] AndroidManifest.xml:7:5-9:41
MERGED from [:barcodescanner-release-2.1.5:] AndroidManifest.xml:7:5-9:41
MERGED from [com.android.support:support-v4:21.0.3] AndroidManifest.xml:15:5-42
MERGED from [com.android.support:support-v4:21.0.3] AndroidManifest.xml:15:5-42
MERGED from [:CordovaLib] AndroidManifest.xml:25:5-44
MERGED from [:CordovaLib] AndroidManifest.xml:25:5-44
	android:targetSdkVersion
		ADDED from src/main/AndroidManifest.xml:93:42-71
	android:minSdkVersion
		ADDED from src/main/AndroidManifest.xml:93:15-41
uses-permission#android.permission.CAMERA
ADDED from src/main/AndroidManifest.xml:94:5-65
	android:name
		ADDED from src/main/AndroidManifest.xml:94:22-62
uses-permission#android.permission.FLASHLIGHT
ADDED from src/main/AndroidManifest.xml:95:5-69
	android:name
		ADDED from src/main/AndroidManifest.xml:95:22-66
uses-feature#android.hardware.camera
ADDED from src/main/AndroidManifest.xml:96:5-84
	android:required
		ADDED from src/main/AndroidManifest.xml:96:58-81
	android:name
		ADDED from src/main/AndroidManifest.xml:96:19-57